2025-07-03 13:41:47,984 - __main__ - WARNING - Some modules not yet implemented: No module named 'core'
2025-07-03 13:41:47,990 - __main__ - INFO - Starting AI Dungeon Master application...
2025-07-03 13:42:09,327 - __main__ - WARNING - Some modules not yet implemented: No module named 'core'
2025-07-03 13:42:09,331 - __main__ - INFO - Starting AI Dungeon Master application...
2025-07-03 13:42:09,338 - __main__ - WARNING - No AI API keys found in environment. Please configure your .env file.
2025-07-03 13:42:09,341 - __main__ - INFO - Server starting on port 5000
2025-07-03 13:42:09,342 - __main__ - INFO - Access the application at: http://localhost:5000
2025-07-03 13:42:09,600 - werkzeug - INFO - [31m[1mWARNING: This is a development server. Do not use it in a production deployment. Use a production WSGI server instead.[0m
 * Running on all addresses (0.0.0.0)
 * Running on http://127.0.0.1:5000
 * Running on http://192.168.1.45:5000
2025-07-03 13:42:09,602 - werkzeug - INFO - [33mPress CTRL+C to quit[0m
2025-07-03 13:42:09,603 - werkzeug - INFO -  * Restarting with stat
2025-07-03 13:42:16,005 - __main__ - WARNING - Some modules not yet implemented: No module named 'core'
2025-07-03 13:42:16,008 - __main__ - INFO - Starting AI Dungeon Master application...
2025-07-03 13:42:16,008 - __main__ - WARNING - No AI API keys found in environment. Please configure your .env file.
2025-07-03 13:42:16,008 - __main__ - INFO - Server starting on port 5000
2025-07-03 13:42:16,017 - __main__ - INFO - Access the application at: http://localhost:5000
2025-07-03 13:42:16,059 - werkzeug - WARNING -  * Debugger is active!
2025-07-03 13:42:16,156 - werkzeug - INFO -  * Debugger PIN: 137-254-979
